<html>
<head>
<title>TestNG:  Login tests</title>
<link href="../testng.css" rel="stylesheet" type="text/css" />
<link href="../my-testng.css" rel="stylesheet" type="text/css" />

<style type="text/css">
.log { display: none;} 
.stack-trace { display: none;} 
</style>
<script type="text/javascript">
<!--
function flip(e) {
  current = e.style.display;
  if (current == 'block') {
    e.style.display = 'none';
    return 0;
  }
  else {
    e.style.display = 'block';
    return 1;
  }
}

function toggleBox(szDivId, elem, msg1, msg2)
{
  var res = -1;  if (document.getElementById) {
    res = flip(document.getElementById(szDivId));
  }
  else if (document.all) {
    // this is the way old msie versions work
    res = flip(document.all[szDivId]);
  }
  if(elem) {
    if(res == 0) elem.innerHTML = msg1; else elem.innerHTML = msg2;
  }

}

function toggleAllBoxes() {
  if (document.getElementsByTagName) {
    d = document.getElementsByTagName('div');
    for (i = 0; i < d.length; i++) {
      if (d[i].className == 'log') {
        flip(d[i]);
      }
    }
  }
}

// -->
</script>

</head>
<body>
<h2 align='center'>Login tests</h2><table border='1' align="center">
<tr>
<td>Tests passed/Failed/Skipped:</td><td>3/1/0</td>
</tr><tr>
<td>Started on:</td><td>Thu Apr 22 17:51:37 PDT 2021</td>
</tr>
<tr><td>Total time:</td><td>13 seconds (13307 ms)</td>
</tr><tr>
<td>Included groups:</td><td></td>
</tr><tr>
<td>Excluded groups:</td><td></td>
</tr>
</table><p/>
<small><i>(Hover the method name to see the test class name)</i></small><p/>
<table width='100%' border='1' class='invocation-failed'>
<tr><td colspan='4' align='center'><b>FAILED TESTS</b></td></tr>
<tr><td><b>Test method</b></td>
<td width="30%"><b>Exception</b></td>
<td width="10%"><b>Time (seconds)</b></td>
<td><b>Instance</b></td>
</tr>
<tr>
<td title='com.electonicstore.tests.LoginTest.LoginWrongEmail()'><b>LoginWrongEmail</b><br>Test class: com.electonicstore.tests.LoginTest</td>
<td><div><pre>java.lang.AssertionError: Testing of logging with wrong email is failed expected [Warning: No match for E-Mail Address and/or Password.] but found [Warning: Your account has exceeded allowed number of login attempts. Please try again in 1 hour.]
	at org.testng.Assert.fail(Assert.java:97)
	at org.testng.Assert.assertEqualsImpl(Assert.java:136)
	at org.testng.Assert.assertEquals(Assert.java:118)
	at org.testng.Assert.assertEquals(Assert.java:575)
	at com.electonicstore.tests.LoginTest.LoginWrongEmail(LoginTest.java:62)
	at sun.reflect.NativeMethodAccessorImpl.invoke0(Native Method)
	at sun.reflect.NativeMethodAccessorImpl.invoke(NativeMethodAccessorImpl.java:62)
	at sun.reflect.DelegatingMethodAccessorImpl.invoke(DelegatingMethodAccessorImpl.java:43)
	at java.lang.reflect.Method.invoke(Method.java:498)
	at org.testng.internal.MethodInvocationHelper.invokeMethod(MethodInvocationHelper.java:134)
	at org.testng.internal.TestInvoker.invokeMethod(TestInvoker.java:597)
	at org.testng.internal.TestInvoker.invokeTestMethod(TestInvoker.java:173)
	at org.testng.internal.MethodRunner.runInSequence(MethodRunner.java:46)
	at org.testng.internal.TestInvoker$MethodInvocationAgent.invoke(TestInvoker.java:816)
	at org.testng.internal.TestInvoker.invokeTestMethods(TestInvoker.java:146)
	at org.testng.internal.TestMethodWorker.invokeTestMethods(TestMethodWorker.java:146)
	at org.testng.internal.TestMethodWorker.run(TestMethodWorker.java:128)
	at java.util.ArrayList.forEach(ArrayList.java:1259)
	at org.testng.TestRunner.privateRun(TestRunner.java:766)
	at org.testng.TestRunner.run(TestRunner.java:587)
	at org.testng.SuiteRunner.runTest(SuiteRunner.java:384)
	at org.testng.SuiteRunner.access$000(SuiteRunner.java:28)
	at org.testng.SuiteRunner$SuiteWorker.run(SuiteRunner.java:425)
	at org.testng.internal.thread.ThreadUtil.lambda$execute$0(ThreadUtil.java:68)
	at java.util.concurrent.FutureTask.run(FutureTask.java:266)
	at java.util.concurrent.ThreadPoolExecutor.runWorker(ThreadPoolExecutor.java:1149)
	at java.util.concurrent.ThreadPoolExecutor$Worker.run(ThreadPoolExecutor.java:624)
	at java.lang.Thread.run(Thread.java:748)
</pre></div><a href='#' onClick='toggleBox("stack-trace1578036265", this, "Click to show all stack frames", "Click to hide stack frames")'>Click to show all stack frames</a>
<div class='stack-trace' id='stack-trace1578036265'><pre>java.lang.AssertionError: Testing of logging with wrong email is failed expected [Warning: No match for E-Mail Address and/or Password.] but found [Warning: Your account has exceeded allowed number of login attempts. Please try again in 1 hour.]
	at org.testng.Assert.fail(Assert.java:97)
	at org.testng.Assert.assertEqualsImpl(Assert.java:136)
	at org.testng.Assert.assertEquals(Assert.java:118)
	at org.testng.Assert.assertEquals(Assert.java:575)
	at com.electonicstore.tests.LoginTest.LoginWrongEmail(LoginTest.java:62)
	at sun.reflect.NativeMethodAccessorImpl.invoke0(Native Method)
	at sun.reflect.NativeMethodAccessorImpl.invoke(NativeMethodAccessorImpl.java:62)
	at sun.reflect.DelegatingMethodAccessorImpl.invoke(DelegatingMethodAccessorImpl.java:43)
	at java.lang.reflect.Method.invoke(Method.java:498)
	at org.testng.internal.MethodInvocationHelper.invokeMethod(MethodInvocationHelper.java:134)
	at org.testng.internal.TestInvoker.invokeMethod(TestInvoker.java:597)
	at org.testng.internal.TestInvoker.invokeTestMethod(TestInvoker.java:173)
	at org.testng.internal.MethodRunner.runInSequence(MethodRunner.java:46)
	at org.testng.internal.TestInvoker$MethodInvocationAgent.invoke(TestInvoker.java:816)
	at org.testng.internal.TestInvoker.invokeTestMethods(TestInvoker.java:146)
	at org.testng.internal.TestMethodWorker.invokeTestMethods(TestMethodWorker.java:146)
	at org.testng.internal.TestMethodWorker.run(TestMethodWorker.java:128)
	at java.util.ArrayList.forEach(ArrayList.java:1259)
	at org.testng.TestRunner.privateRun(TestRunner.java:766)
	at org.testng.TestRunner.run(TestRunner.java:587)
	at org.testng.SuiteRunner.runTest(SuiteRunner.java:384)
	at org.testng.SuiteRunner.access$000(SuiteRunner.java:28)
	at org.testng.SuiteRunner$SuiteWorker.run(SuiteRunner.java:425)
	at org.testng.internal.thread.ThreadUtil.lambda$execute$0(ThreadUtil.java:68)
	at java.util.concurrent.FutureTask.run(FutureTask.java:266)
	at java.util.concurrent.ThreadPoolExecutor.runWorker(ThreadPoolExecutor.java:1149)
	at java.util.concurrent.ThreadPoolExecutor$Worker.run(ThreadPoolExecutor.java:624)
	at java.lang.Thread.run(Thread.java:748)
</pre></div></td>
<td>1</td>
<td>com.electonicstore.tests.LoginTest@6df97b55</td></tr>
</table><p>
<table width='100%' border='1' class='invocation-passed'>
<tr><td colspan='4' align='center'><b>PASSED TESTS</b></td></tr>
<tr><td><b>Test method</b></td>
<td width="30%"><b>Exception</b></td>
<td width="10%"><b>Time (seconds)</b></td>
<td><b>Instance</b></td>
</tr>
<tr>
<td title='com.electonicstore.tests.LoginTest.LoginWrongPassword()'><b>LoginWrongPassword</b><br>Test class: com.electonicstore.tests.LoginTest</td>
<td></td>
<td>2</td>
<td>com.electonicstore.tests.LoginTest@6df97b55</td></tr>
<tr>
<td title='com.electonicstore.tests.RegistrationTest.RegistrationEmptyEmail()'><b>RegistrationEmptyEmail</b><br>Test class: com.electonicstore.tests.RegistrationTest</td>
<td></td>
<td>12</td>
<td>com.electonicstore.tests.RegistrationTest@13fee20c</td></tr>
<tr>
<td title='com.electonicstore.tests.RegistrationTest.RegistrationEmptyFirstName()'><b>RegistrationEmptyFirstName</b><br>Test class: com.electonicstore.tests.RegistrationTest</td>
<td></td>
<td>18</td>
<td>com.electonicstore.tests.RegistrationTest@13fee20c</td></tr>
<tr>
<td title='com.electonicstore.tests.RegistrationTest.RegistrationEmptyLastName()'><b>RegistrationEmptyLastName</b><br>Test class: com.electonicstore.tests.RegistrationTest</td>
<td></td>
<td>12</td>
<td>com.electonicstore.tests.RegistrationTest@13fee20c</td></tr>
<tr>
<td title='com.electonicstore.tests.RegistrationTest.RegistrationEmptyPassword()'><b>RegistrationEmptyPassword</b><br>Test class: com.electonicstore.tests.RegistrationTest</td>
<td></td>
<td>12</td>
<td>com.electonicstore.tests.RegistrationTest@13fee20c</td></tr>
<tr>
<td title='com.electonicstore.tests.RegistrationTest.RegistrationEmptyTelephone()'><b>RegistrationEmptyTelephone</b><br>Test class: com.electonicstore.tests.RegistrationTest</td>
<td></td>
<td>11</td>
<td>com.electonicstore.tests.RegistrationTest@13fee20c</td></tr>
<tr>
<td title='com.electonicstore.tests.RegistrationTest.RegistrationTest()'><b>RegistrationTest</b><br>Test class: com.electonicstore.tests.RegistrationTest</td>
<td></td>
<td>12</td>
<td>com.electonicstore.tests.RegistrationTest@13fee20c</td></tr>
<tr>
<td title='com.electonicstore.tests.LoginTest.logOutTest()'><b>logOutTest</b><br>Test class: com.electonicstore.tests.LoginTest</td>
<td></td>
<td>0</td>
<td>com.electonicstore.tests.LoginTest@6df97b55</td></tr>
<tr>
<td title='com.electonicstore.tests.LoginTest.loginAccountTest()'><b>loginAccountTest</b><br>Test class: com.electonicstore.tests.LoginTest</td>
<td></td>
<td>6</td>
<td>com.electonicstore.tests.LoginTest@6df97b55</td></tr>
</table><p>
</body>
</html>